<?xml version="1.0" encoding="UTF-8"?>
<!-- Generated by org.testng.reporters.JUnitReportReporter -->
<testsuite skipped="0" hostname="DESKTOP-R0QK2O8" name="utils.TestDataReader" tests="4" failures="0" timestamp="15 Apr 2019 16:34:27 GMT" time="0.412" errors="0">
  <testcase name="printTestData" time="0.063" classname="utils.TestDataReader"/>
  <testcase name="printTestData" time="0.263" classname="utils.TestDataReader"/>
  <testcase name="printTestData" time="0.031" classname="utils.TestDataReader"/>
  <testcase name="printTestData" time="0.055" classname="utils.TestDataReader"/>
</testsuite> <!-- utils.TestDataReader -->
