<?xml version="1.0" encoding="UTF-8"?>
<!-- Generated by org.testng.reporters.JUnitReportReporter -->
<testsuite skipped="0" hostname="DESKTOP-R0QK2O8" name="com.amazon.test.AmazonTests" tests="3" failures="0" timestamp="11 Apr 2019 17:47:00 GMT" time="16.787" errors="0">
  <testcase name="searchAProduct" time="7.342" classname="com.amazon.test.AmazonTests"/>
  <testcase name="verifyNthProduct" time="0.420" classname="com.amazon.test.AmazonTests"/>
  <testcase name="verifyAllProducts" time="9.025" classname="com.amazon.test.AmazonTests"/>
</testsuite> <!-- com.amazon.test.AmazonTests -->
