<?xml version="1.0" encoding="UTF-8"?>
<!-- Generated by org.testng.reporters.JUnitReportReporter -->
<testsuite skipped="0" hostname="DESKTOP-R0QK2O8" name="com.amazon.test.AmazonTests" tests="1" failures="0" timestamp="10 Apr 2019 17:16:10 GMT" time="12.497" errors="0">
  <testcase name="searchAProduct" time="12.497" classname="com.amazon.test.AmazonTests"/>
</testsuite> <!-- com.amazon.test.AmazonTests -->
